2022-03-10 12:43:26,092 - WARNING - "POST /endpoint1 HTTP/1.1" - "us-west2" - "background-service" - 200
2022-03-10 12:43:40,177 - ERROR - "PUT /endpoint2 HTTP/1.1" - "can1" - "service1" - 400
2022-03-10 12:43:51,302 - INFO - "GET /endpoint2 HTTP/1.1" - "sgp" - "user-interface" - 401
2022-03-10 12:44:00,082 - INFO - "GET /endpoint1 HTTP/1.1" - "us-west" - "application-backend" - 200
2022-03-10 12:44:08,010 - ERROR - "GET /endpoint2 HTTP/1.1" - "us-east" - "user-interface" - 403
2022-03-10 12:44:09,658 - ERROR - "POST /endpoint2 HTTP/1.1" - "us-east2" - "user-interface" - 403
2022-03-10 12:44:15,624 - INFO - "POST /endpoint1 HTTP/1.1" - "can1" - "user-interface" - 200
2022-03-10 12:44:16,166 - INFO - "GET /endpoint1 HTTP/1.1" - "osaka" - "service2" - 200
2022-03-10 12:44:17,184 - INFO - "GET /endpoint1 HTTP/1.1" - "qatar" - "service1" - 200
2022-03-10 12:44:23,960 - INFO - "GET /endpoint2 HTTP/1.1" - "seoul" - "service1" - 400
2022-03-10 12:44:32,088 - INFO - "POST /endpoint1 HTTP/1.1" - "us-east2" - "user-interface" - 200
2022-03-10 12:44:40,057 - WARNING - "GET /endpoint2 HTTP/1.1" - "seoul" - "application-backend" - 403
2022-03-10 12:44:45,253 - INFO - "PUT /endpoint1 HTTP/1.1" - "qatar" - "application-backend" - 200
2022-03-10 12:44:48,153 - INFO - "GET /endpoint2 HTTP/1.1" - "st-petersberg" - "background-service" - 401
2022-03-10 12:45:07,650 - INFO - "POST /endpoint1 HTTP/1.1" - "st-petersberg" - "application-backend" - 200
2022-03-10 12:45:13,256 - INFO - "GET /endpoint2 HTTP/1.1" - "paris" - "background-service" - 404
2022-03-10 12:45:21,971 - INFO - "PUT /endpoint2 HTTP/1.1" - "us-west" - "user-interface" - 403
2022-03-10 12:45:34,728 - INFO - "POST /endpoint1 HTTP/1.1" - "st-petersberg" - "user-interface" - 200
2022-03-10 12:45:40,943 - INFO - "POST /endpoint2 HTTP/1.1" - "rio" - "user-interface" - 401
2022-03-10 12:45:48,780 - INFO - "PUT /endpoint1 HTTP/1.1" - "beijing" - "application-backend" - 200
2022-03-10 12:45:53,835 - WARNING - "GET /endpoint2 HTTP/1.1" - "berlin" - "service2" - 405
2022-03-10 12:45:54,490 - INFO - "POST /endpoint2 HTTP/1.1" - "paris" - "service2" - 404
2022-03-10 12:46:03,232 - INFO - "GET /endpoint2 HTTP/1.1" - "aus" - "service2" - 401
2022-03-10 12:46:10,193 - ERROR - "GET /endpoint2 HTTP/1.1" - "osaka" - "user-interface" - 403
2022-03-10 12:46:20,037 - INFO - "PUT /endpoint2 HTTP/1.1" - "beijing" - "background-service" - 404
2022-03-10 12:46:27,658 - INFO - "PUT /endpoint2 HTTP/1.1" - "rio" - "background-service" - 405
2022-03-10 12:46:37,529 - INFO - "GET /endpoint1 HTTP/1.1" - "paris" - "service2" - 200
2022-03-10 12:46:45,909 - WARNING - "PUT /endpoint2 HTTP/1.1" - "us-east" - "application-backend" - 403
2022-03-10 12:46:48,764 - WARNING - "POST /endpoint2 HTTP/1.1" - "aus" - "service2" - 401
2022-03-10 12:46:56,203 - INFO - "POST /endpoint2 HTTP/1.1" - "us-west2" - "background-service" - 405
2022-03-10 12:46:57,519 - ERROR - "POST /endpoint2 HTTP/1.1" - "qatar" - "service1" - 400
2022-03-10 12:47:06,121 - WARNING - "PUT /endpoint1 HTTP/1.1" - "qatar" - "background-service" - 200
2022-03-10 12:47:12,994 - WARNING - "PUT /endpoint2 HTTP/1.1" - "aus" - "application-backend" - 403
2022-03-10 12:47:17,434 - ERROR - "PUT /endpoint2 HTTP/1.1" - "osaka" - "service2" - 400
2022-03-10 12:47:19,001 - INFO - "POST /endpoint1 HTTP/1.1" - "berlin" - "user-interface" - 200
2022-03-10 12:47:28,403 - INFO - "GET /endpoint1 HTTP/1.1" - "can1" - "service1" - 200
2022-03-10 12:47:28,889 - INFO - "GET /endpoint2 HTTP/1.1" - "bangalore" - "service1" - 401
2022-03-10 12:47:35,873 - INFO - "POST /endpoint1 HTTP/1.1" - "sgp" - "user-interface" - 200
2022-03-10 12:47:40,973 - WARNING - "PUT /endpoint2 HTTP/1.1" - "can1" - "background-service" - 404
2022-03-10 12:47:49,724 - WARNING - "POST /endpoint2 HTTP/1.1" - "qatar" - "background-service" - 404
2022-03-10 12:47:57,383 - INFO - "POST /endpoint1 HTTP/1.1" - "london" - "service2" - 200
2022-03-10 12:48:02,983 - INFO - "GET /endpoint1 HTTP/1.1" - "us-west" - "user-interface" - 200
2022-03-10 12:48:06,357 - INFO - "PUT /endpoint1 HTTP/1.1" - "rio" - "service2" - 200
2022-03-10 12:48:09,666 - INFO - "POST /endpoint2 HTTP/1.1" - "berlin" - "service2" - 404
2022-03-10 12:48:20,548 - INFO - "PUT /endpoint1 HTTP/1.1" - "aus" - "user-interface" - 200
2022-03-10 12:48:31,590 - INFO - "GET /endpoint1 HTTP/1.1" - "osaka" - "background-service" - 200
2022-03-10 12:48:38,332 - INFO - "GET /endpoint1 HTTP/1.1" - "us-east" - "service1" - 200
2022-03-10 12:48:43,925 - INFO - "POST /endpoint2 HTTP/1.1" - "us-west2" - "service1" - 404
2022-03-10 12:48:53,201 - INFO - "POST /endpoint1 HTTP/1.1" - "us-west" - "service1" - 200
2022-03-10 12:49:07,262 - WARNING - "PUT /endpoint1 HTTP/1.1" - "qatar" - "user-interface" - 200
2022-03-10 12:49:09,105 - WARNING - "PUT /endpoint2 HTTP/1.1" - "paris" - "service2" - 405
2022-03-10 12:49:17,469 - INFO - "PUT /endpoint1 HTTP/1.1" - "seoul" - "application-backend" - 200
2022-03-10 12:49:26,687 - WARNING - "GET /endpoint2 HTTP/1.1" - "berlin" - "user-interface" - 404
2022-03-10 12:49:27,282 - WARNING - "GET /endpoint2 HTTP/1.1" - "sgp" - "user-interface" - 405
2022-03-10 12:49:36,940 - INFO - "GET /endpoint2 HTTP/1.1" - "paris" - "user-interface" - 401
2022-03-10 12:49:37,160 - INFO - "POST /endpoint2 HTTP/1.1" - "berlin" - "service2" - 403
2022-03-10 12:49:38,252 - INFO - "GET /endpoint2 HTTP/1.1" - "us-west" - "service1" - 401
2022-03-10 12:49:44,332 - WARNING - "POST /endpoint2 HTTP/1.1" - "osaka" - "service2" - 401
2022-03-10 12:49:44,839 - INFO - "GET /endpoint2 HTTP/1.1" - "mumbai" - "user-interface" - 400
2022-03-10 12:49:46,500 - INFO - "POST /endpoint2 HTTP/1.1" - "aus" - "application-backend" - 404
2022-03-10 12:49:56,805 - INFO - "POST /endpoint1 HTTP/1.1" - "us-west" - "user-interface" - 200
2022-03-10 12:50:03,684 - INFO - "POST /endpoint2 HTTP/1.1" - "us-west2" - "application-backend" - 400
2022-03-10 12:50:08,447 - WARNING - "POST /endpoint2 HTTP/1.1" - "seoul" - "background-service" - 400
2022-03-10 12:50:18,229 - INFO - "POST /endpoint1 HTTP/1.1" - "us-west2" - "service1" - 200
2022-03-10 12:50:25,951 - INFO - "GET /endpoint2 HTTP/1.1" - "qatar" - "service1" - 403
2022-03-10 12:50:31,908 - INFO - "GET /endpoint1 HTTP/1.1" - "rio" - "application-backend" - 200
2022-03-10 12:50:32,592 - INFO - "PUT /endpoint2 HTTP/1.1" - "us-west" - "application-backend" - 403
2022-03-10 12:50:35,402 - INFO - "GET /endpoint1 HTTP/1.1" - "can1" - "application-backend" - 200
2022-03-10 12:50:40,133 - WARNING - "GET /endpoint1 HTTP/1.1" - "london" - "service1" - 200
2022-03-10 12:50:44,505 - WARNING - "PUT /endpoint1 HTTP/1.1" - "us-west" - "service2" - 200
2022-03-10 12:50:47,227 - INFO - "GET /endpoint2 HTTP/1.1" - "paris" - "application-backend" - 403
2022-03-10 12:50:53,898 - INFO - "PUT /endpoint1 HTTP/1.1" - "us-east" - "service1" - 200
2022-03-10 12:51:09,509 - INFO - "POST /endpoint1 HTTP/1.1" - "seoul" - "service1" - 200
2022-03-10 12:51:15,676 - INFO - "POST /endpoint1 HTTP/1.1" - "seoul" - "background-service" - 200
2022-03-10 12:51:19,244 - INFO - "POST /endpoint2 HTTP/1.1" - "bangalore" - "background-service" - 400
2022-03-10 12:51:23,595 - INFO - "GET /endpoint2 HTTP/1.1" - "london" - "user-interface" - 404
2022-03-10 12:51:32,698 - INFO - "PUT /endpoint1 HTTP/1.1" - "us-east" - "application-backend" - 200
2022-03-10 12:51:35,913 - WARNING - "PUT /endpoint2 HTTP/1.1" - "london" - "background-service" - 401
2022-03-10 12:51:39,897 - WARNING - "GET /endpoint1 HTTP/1.1" - "bangalore" - "user-interface" - 200
2022-03-10 12:51:42,654 - INFO - "PUT /endpoint2 HTTP/1.1" - "us-west2" - "background-service" - 403
2022-03-10 12:51:51,795 - INFO - "PUT /endpoint1 HTTP/1.1" - "sgp" - "service2" - 200
2022-03-10 12:51:55,269 - INFO - "GET /endpoint2 HTTP/1.1" - "st-petersberg" - "application-backend" - 403
2022-03-10 12:52:11,704 - WARNING - "POST /endpoint2 HTTP/1.1" - "us-west2" - "service2" - 404
2022-03-10 12:52:13,887 - INFO - "PUT /endpoint1 HTTP/1.1" - "paris" - "background-service" - 200
2022-03-10 12:52:25,707 - INFO - "POST /endpoint1 HTTP/1.1" - "beijing" - "service1" - 200
2022-03-10 12:52:27,489 - WARNING - "POST /endpoint1 HTTP/1.1" - "sgp" - "application-backend" - 200
2022-03-10 12:52:30,059 - WARNING - "POST /endpoint1 HTTP/1.1" - "paris" - "background-service" - 200
2022-03-10 12:52:38,049 - INFO - "GET /endpoint2 HTTP/1.1" - "can1" - "service1" - 400
2022-03-10 12:52:44,188 - INFO - "POST /endpoint2 HTTP/1.1" - "london" - "application-backend" - 401
2022-03-10 12:52:46,693 - INFO - "GET /endpoint2 HTTP/1.1" - "st-petersberg" - "service1" - 404
2022-03-10 12:52:55,950 - INFO - "GET /endpoint1 HTTP/1.1" - "us-east" - "user-interface" - 200
2022-03-10 12:53:01,499 - INFO - "PUT /endpoint1 HTTP/1.1" - "paris" - "service2" - 200
2022-03-10 12:53:03,936 - INFO - "POST /endpoint2 HTTP/1.1" - "sgp" - "user-interface" - 403
2022-03-10 12:53:16,230 - INFO - "GET /endpoint1 HTTP/1.1" - "paris" - "background-service" - 200
2022-03-10 12:53:23,090 - WARNING - "GET /endpoint1 HTTP/1.1" - "us-west" - "application-backend" - 200
2022-03-10 12:53:23,530 - INFO - "GET /endpoint2 HTTP/1.1" - "can1" - "service2" - 401
2022-03-10 12:53:27,803 - INFO - "PUT /endpoint2 HTTP/1.1" - "rio" - "service1" - 403
2022-03-10 12:53:36,794 - INFO - "GET /endpoint2 HTTP/1.1" - "us-west" - "service1" - 403
2022-03-10 12:53:46,765 - INFO - "PUT /endpoint1 HTTP/1.1" - "paris" - "service2" - 200
2022-03-10 12:53:48,557 - WARNING - "PUT /endpoint2 HTTP/1.1" - "paris" - "user-interface" - 404
2022-03-10 12:53:51,279 - INFO - "GET /endpoint1 HTTP/1.1" - "seoul" - "user-interface" - 200
2022-03-10 12:53:58,821 - INFO - "GET /endpoint2 HTTP/1.1" - "mumbai" - "user-interface" - 400
2022-03-10 12:54:05,225 - INFO - "POST /endpoint1 HTTP/1.1" - "sgp" - "application-backend" - 200
2022-03-10 12:54:06,972 - INFO - "POST /endpoint1 HTTP/1.1" - "sgp" - "user-interface" - 200
2022-03-10 12:54:10,554 - INFO - "POST /endpoint1 HTTP/1.1" - "us-west" - "service1" - 200
2022-03-10 12:54:18,379 - ERROR - "GET /endpoint2 HTTP/1.1" - "paris" - "background-service" - 405
2022-03-10 12:54:23,557 - WARNING - "GET /endpoint2 HTTP/1.1" - "london" - "background-service" - 403
2022-03-10 12:54:24,575 - WARNING - "PUT /endpoint1 HTTP/1.1" - "osaka" - "user-interface" - 200
2022-03-10 12:54:28,923 - ERROR - "PUT /endpoint2 HTTP/1.1" - "sgp" - "service1" - 403
2022-03-10 12:54:30,097 - INFO - "GET /endpoint2 HTTP/1.1" - "rio" - "background-service" - 404
2022-03-10 12:54:31,099 - INFO - "PUT /endpoint1 HTTP/1.1" - "us-east" - "service2" - 200
2022-03-10 12:54:39,006 - INFO - "PUT /endpoint1 HTTP/1.1" - "rio" - "service2" - 200
2022-03-10 12:54:56,241 - INFO - "GET /endpoint2 HTTP/1.1" - "us-west" - "application-backend" - 400
2022-03-10 12:55:00,527 - INFO - "PUT /endpoint2 HTTP/1.1" - "qatar" - "application-backend" - 400
2022-03-10 12:55:04,389 - INFO - "GET /endpoint2 HTTP/1.1" - "seoul" - "background-service" - 400
2022-03-10 12:55:09,656 - INFO - "POST /endpoint2 HTTP/1.1" - "sgp" - "user-interface" - 400
2022-03-10 12:55:23,527 - INFO - "PUT /endpoint1 HTTP/1.1" - "sgp" - "service2" - 200
2022-03-10 12:55:28,486 - WARNING - "GET /endpoint1 HTTP/1.1" - "us-east" - "background-service" - 200
2022-03-10 12:55:33,763 - INFO - "POST /endpoint2 HTTP/1.1" - "can1" - "user-interface" - 405
2022-03-10 12:55:40,651 - INFO - "PUT /endpoint2 HTTP/1.1" - "sgp" - "service2" - 404
2022-03-10 12:55:44,150 - INFO - "GET /endpoint1 HTTP/1.1" - "us-east" - "service2" - 200
2022-03-10 12:55:46,966 - INFO - "PUT /endpoint2 HTTP/1.1" - "bangalore" - "application-backend" - 400
2022-03-10 12:55:48,907 - WARNING - "GET /endpoint1 HTTP/1.1" - "mumbai" - "service2" - 200
2022-03-10 12:55:57,298 - INFO - "POST /endpoint2 HTTP/1.1" - "us-east2" - "application-backend" - 404
2022-03-10 12:55:58,859 - INFO - "GET /endpoint2 HTTP/1.1" - "paris" - "user-interface" - 401
2022-03-10 12:56:03,474 - WARNING - "GET /endpoint1 HTTP/1.1" - "beijing" - "background-service" - 200
2022-03-10 12:56:10,649 - WARNING - "POST /endpoint2 HTTP/1.1" - "sgp" - "service2" - 404
2022-03-10 12:56:27,875 - INFO - "POST /endpoint2 HTTP/1.1" - "us-east2" - "service1" - 401
2022-03-10 12:56:34,451 - INFO - "GET /endpoint2 HTTP/1.1" - "us-west" - "application-backend" - 404
2022-03-10 12:56:42,773 - INFO - "POST /endpoint1 HTTP/1.1" - "st-petersberg" - "user-interface" - 200
2022-03-10 12:56:46,900 - INFO - "POST /endpoint1 HTTP/1.1" - "osaka" - "user-interface" - 200
2022-03-10 12:56:51,599 - ERROR - "GET /endpoint2 HTTP/1.1" - "can1" - "user-interface" - 401
2022-03-10 12:57:00,111 - INFO - "POST /endpoint2 HTTP/1.1" - "qatar" - "service1" - 400
2022-03-10 12:57:08,730 - INFO - "PUT /endpoint1 HTTP/1.1" - "berlin" - "service1" - 200
2022-03-10 12:57:13,313 - INFO - "POST /endpoint1 HTTP/1.1" - "us-west" - "service2" - 200
2022-03-10 12:57:17,613 - INFO - "POST /endpoint1 HTTP/1.1" - "us-east2" - "service1" - 200
2022-03-10 12:57:23,465 - WARNING - "PUT /endpoint2 HTTP/1.1" - "berlin" - "application-backend" - 401
2022-03-10 12:57:33,338 - INFO - "PUT /endpoint1 HTTP/1.1" - "st-petersberg" - "user-interface" - 200
2022-03-10 12:57:46,190 - INFO - "POST /endpoint2 HTTP/1.1" - "rio" - "service1" - 401
2022-03-10 12:57:51,886 - INFO - "POST /endpoint2 HTTP/1.1" - "paris" - "user-interface" - 403
2022-03-10 12:57:53,606 - INFO - "POST /endpoint2 HTTP/1.1" - "mumbai" - "background-service" - 403
2022-03-10 12:57:59,663 - ERROR - "PUT /endpoint2 HTTP/1.1" - "aus" - "application-backend" - 401
2022-03-10 12:58:02,145 - ERROR - "PUT /endpoint2 HTTP/1.1" - "us-east2" - "service1" - 405
2022-03-10 12:58:04,313 - INFO - "PUT /endpoint2 HTTP/1.1" - "can1" - "user-interface" - 401
2022-03-10 12:58:07,900 - INFO - "PUT /endpoint2 HTTP/1.1" - "mumbai" - "user-interface" - 403
2022-03-10 12:58:08,834 - WARNING - "GET /endpoint1 HTTP/1.1" - "us-east2" - "user-interface" - 200
2022-03-10 12:58:11,909 - WARNING - "GET /endpoint1 HTTP/1.1" - "bangalore" - "service1" - 200
2022-03-10 12:58:15,448 - WARNING - "PUT /endpoint1 HTTP/1.1" - "us-west" - "application-backend" - 200
2022-03-10 12:58:24,042 - INFO - "POST /endpoint2 HTTP/1.1" - "rio" - "background-service" - 401
2022-03-10 12:58:25,440 - INFO - "POST /endpoint1 HTTP/1.1" - "qatar" - "user-interface" - 200
2022-03-10 13:02:52,910 - WARNING - "POST /endpoint2 HTTP/1.1" - "can1" - "service1" - 301
2022-03-10 13:02:55,132 - ERROR - "PUT /endpoint2 HTTP/1.1" - "rio" - "service2" - 303
2022-03-10 13:02:56,363 - INFO - "GET /endpoint1 HTTP/1.1" - "london" - "user-interface" - 200
2022-03-10 13:03:05,571 - INFO - "PUT /endpoint2 HTTP/1.1" - "paris" - "application-backend" - 302
2022-03-10 13:03:09,221 - INFO - "GET /endpoint1 HTTP/1.1" - "rio" - "user-interface" - 200
2022-03-10 13:03:16,413 - ERROR - "POST /endpoint2 HTTP/1.1" - "osaka" - "service1" - 302
2022-03-10 13:03:24,884 - INFO - "GET /endpoint1 HTTP/1.1" - "st-petersberg" - "background-service" - 200
2022-03-10 13:03:32,214 - INFO - "GET /endpoint1 HTTP/1.1" - "can1" - "background-service" - 200
2022-03-10 13:03:42,044 - INFO - "POST /endpoint2 HTTP/1.1" - "berlin" - "service2" - 305
2022-03-10 13:03:48,478 - INFO - "PUT /endpoint1 HTTP/1.1" - "qatar" - "user-interface" - 200
2022-03-10 13:03:56,531 - INFO - "PUT /endpoint2 HTTP/1.1" - "beijing" - "service1" - 304
2022-03-10 13:04:05,371 - INFO - "GET /endpoint2 HTTP/1.1" - "berlin" - "service1" - 300
2022-03-10 13:04:13,090 - INFO - "POST /endpoint2 HTTP/1.1" - "osaka" - "service2" - 300
2022-03-10 13:04:16,284 - WARNING - "PUT /endpoint2 HTTP/1.1" - "osaka" - "service2" - 303
2022-03-10 13:04:25,785 - INFO - "PUT /endpoint2 HTTP/1.1" - "paris" - "service1" - 306
2022-03-10 13:04:26,322 - INFO - "POST /endpoint1 HTTP/1.1" - "mumbai" - "user-interface" - 200
2022-03-10 13:04:32,783 - INFO - "PUT /endpoint2 HTTP/1.1" - "st-petersberg" - "service2" - 302
2022-03-10 13:04:41,486 - WARNING - "PUT /endpoint1 HTTP/1.1" - "us-east2" - "service2" - 200
2022-03-10 13:04:43,327 - INFO - "GET /endpoint1 HTTP/1.1" - "us-east2" - "user-interface" - 200
2022-03-10 13:04:45,390 - INFO - "PUT /endpoint2 HTTP/1.1" - "aus" - "application-backend" - 303
2022-03-10 13:04:53,363 - INFO - "GET /endpoint2 HTTP/1.1" - "can1" - "application-backend" - 303
2022-03-10 13:04:58,174 - WARNING - "GET /endpoint1 HTTP/1.1" - "us-west2" - "service1" - 200
2022-03-10 13:05:07,491 - INFO - "GET /endpoint1 HTTP/1.1" - "berlin" - "background-service" - 200
2022-03-10 13:05:07,857 - INFO - "PUT /endpoint2 HTTP/1.1" - "us-west" - "application-backend" - 305
2022-03-10 13:05:09,068 - INFO - "PUT /endpoint1 HTTP/1.1" - "us-east2" - "service1" - 200
2022-03-10 13:05:17,109 - INFO - "GET /endpoint1 HTTP/1.1" - "us-west" - "application-backend" - 200
2022-03-10 13:05:21,784 - INFO - "PUT /endpoint1 HTTP/1.1" - "rio" - "user-interface" - 200
2022-03-10 13:05:22,584 - INFO - "PUT /endpoint2 HTTP/1.1" - "aus" - "service1" - 301
2022-03-10 13:05:23,818 - WARNING - "GET /endpoint1 HTTP/1.1" - "london" - "service1" - 200
2022-03-10 13:05:31,762 - INFO - "PUT /endpoint2 HTTP/1.1" - "us-east2" - "background-service" - 302
2022-03-10 13:05:33,579 - WARNING - "POST /endpoint2 HTTP/1.1" - "london" - "application-backend" - 304
2022-03-10 13:05:35,485 - WARNING - "PUT /endpoint1 HTTP/1.1" - "beijing" - "background-service" - 200
2022-03-10 13:05:44,956 - INFO - "PUT /endpoint1 HTTP/1.1" - "sgp" - "application-backend" - 200
2022-03-10 13:05:45,792 - WARNING - "GET /endpoint2 HTTP/1.1" - "paris" - "application-backend" - 302
2022-03-10 13:05:46,139 - INFO - "GET /endpoint2 HTTP/1.1" - "sgp" - "service1" - 305
2022-03-10 13:05:54,043 - INFO - "GET /endpoint1 HTTP/1.1" - "us-west" - "user-interface" - 200
2022-03-10 13:05:59,841 - INFO - "PUT /endpoint1 HTTP/1.1" - "beijing" - "user-interface" - 200
2022-03-10 13:06:05,594 - WARNING - "POST /endpoint1 HTTP/1.1" - "us-east2" - "background-service" - 200
2022-03-10 13:06:07,504 - INFO - "PUT /endpoint1 HTTP/1.1" - "us-east" - "service2" - 200
2022-03-10 13:06:15,367 - WARNING - "GET /endpoint1 HTTP/1.1" - "bangalore" - "background-service" - 200
2022-03-10 13:06:16,026 - INFO - "GET /endpoint1 HTTP/1.1" - "paris" - "service2" - 200
2022-03-10 13:06:25,095 - INFO - "GET /endpoint1 HTTP/1.1" - "sgp" - "user-interface" - 200
2022-03-10 13:06:28,171 - INFO - "GET /endpoint2 HTTP/1.1" - "paris" - "service1" - 303
2022-03-10 13:06:35,211 - INFO - "POST /endpoint1 HTTP/1.1" - "qatar" - "background-service" - 200
2022-03-10 13:06:38,452 - INFO - "POST /endpoint1 HTTP/1.1" - "us-west" - "user-interface" - 200
2022-03-10 13:06:47,880 - INFO - "GET /endpoint1 HTTP/1.1" - "london" - "background-service" - 200
2022-03-10 13:06:57,387 - WARNING - "GET /endpoint2 HTTP/1.1" - "beijing" - "service2" - 301
2022-03-10 13:06:58,682 - INFO - "PUT /endpoint2 HTTP/1.1" - "us-east2" - "background-service" - 302
2022-03-10 13:07:01,828 - INFO - "GET /endpoint1 HTTP/1.1" - "us-east2" - "application-backend" - 200
2022-03-10 13:07:04,053 - WARNING - "GET /endpoint2 HTTP/1.1" - "bangalore" - "service1" - 303
2022-03-10 13:07:13,542 - INFO - "GET /endpoint1 HTTP/1.1" - "mumbai" - "application-backend" - 200
2022-03-10 13:07:22,981 - ERROR - "GET /endpoint2 HTTP/1.1" - "st-petersberg" - "service1" - 306
2022-03-10 13:07:25,668 - INFO - "GET /endpoint1 HTTP/1.1" - "rio" - "application-backend" - 200
2022-03-10 13:07:27,148 - WARNING - "PUT /endpoint1 HTTP/1.1" - "seoul" - "background-service" - 200
2022-03-10 13:07:29,015 - INFO - "PUT /endpoint1 HTTP/1.1" - "can1" - "service1" - 200
2022-03-10 13:07:35,509 - WARNING - "GET /endpoint1 HTTP/1.1" - "bangalore" - "background-service" - 200
2022-03-10 13:07:38,765 - WARNING - "PUT /endpoint2 HTTP/1.1" - "us-east2" - "user-interface" - 304
2022-03-10 13:07:47,584 - WARNING - "POST /endpoint1 HTTP/1.1" - "us-east2" - "service1" - 200
2022-03-10 13:07:56,646 - INFO - "POST /endpoint2 HTTP/1.1" - "london" - "service1" - 303
2022-03-10 13:08:03,254 - INFO - "PUT /endpoint1 HTTP/1.1" - "rio" - "application-backend" - 200
2022-03-10 13:08:13,047 - WARNING - "GET /endpoint2 HTTP/1.1" - "bangalore" - "user-interface" - 300
2022-03-10 13:08:13,309 - INFO - "POST /endpoint1 HTTP/1.1" - "aus" - "user-interface" - 200
2022-03-10 13:08:21,123 - INFO - "PUT /endpoint2 HTTP/1.1" - "osaka" - "background-service" - 300
2022-03-10 13:08:29,689 - INFO - "PUT /endpoint1 HTTP/1.1" - "us-east" - "application-backend" - 200
2022-03-10 13:08:33,448 - INFO - "POST /endpoint1 HTTP/1.1" - "beijing" - "application-backend" - 200
2022-03-10 13:08:38,786 - INFO - "GET /endpoint2 HTTP/1.1" - "rio" - "background-service" - 302
2022-03-10 13:08:45,387 - INFO - "POST /endpoint2 HTTP/1.1" - "qatar" - "service2" - 302
2022-03-10 13:08:52,593 - INFO - "PUT /endpoint2 HTTP/1.1" - "london" - "user-interface" - 303
2022-03-10 13:09:01,339 - INFO - "PUT /endpoint1 HTTP/1.1" - "can1" - "service1" - 200
2022-03-10 13:09:09,702 - WARNING - "POST /endpoint2 HTTP/1.1" - "rio" - "service1" - 306
2022-03-10 13:09:10,191 - WARNING - "PUT /endpoint2 HTTP/1.1" - "paris" - "user-interface" - 303
2022-03-10 13:09:18,627 - INFO - "GET /endpoint1 HTTP/1.1" - "seoul" - "background-service" - 200
2022-03-10 13:09:27,782 - WARNING - "POST /endpoint2 HTTP/1.1" - "us-east" - "background-service" - 302
2022-03-10 13:09:35,117 - ERROR - "PUT /endpoint2 HTTP/1.1" - "us-west2" - "service2" - 300
2022-03-10 13:09:40,739 - INFO - "POST /endpoint2 HTTP/1.1" - "seoul" - "background-service" - 305
2022-03-10 13:09:49,712 - INFO - "POST /endpoint1 HTTP/1.1" - "qatar" - "service1" - 200
2022-03-10 13:09:51,081 - INFO - "POST /endpoint1 HTTP/1.1" - "us-west2" - "user-interface" - 200
2022-03-10 13:09:54,570 - INFO - "PUT /endpoint2 HTTP/1.1" - "seoul" - "service2" - 301
2022-03-10 13:10:01,049 - INFO - "PUT /endpoint2 HTTP/1.1" - "paris" - "service1" - 305
2022-03-10 13:10:03,430 - INFO - "POST /endpoint2 HTTP/1.1" - "sgp" - "service2" - 306
2022-03-10 13:10:11,808 - WARNING - "GET /endpoint2 HTTP/1.1" - "osaka" - "application-backend" - 305
2022-03-10 13:10:18,246 - INFO - "GET /endpoint2 HTTP/1.1" - "sgp" - "user-interface" - 305
2022-03-10 13:10:25,388 - WARNING - "GET /endpoint1 HTTP/1.1" - "sgp" - "user-interface" - 200
2022-03-10 13:10:28,441 - WARNING - "PUT /endpoint2 HTTP/1.1" - "us-east" - "service1" - 302
2022-03-10 13:10:29,723 - WARNING - "PUT /endpoint1 HTTP/1.1" - "qatar" - "background-service" - 200
2022-03-10 13:10:33,681 - WARNING - "POST /endpoint2 HTTP/1.1" - "can1" - "user-interface" - 303
2022-03-10 13:10:34,755 - ERROR - "GET /endpoint2 HTTP/1.1" - "london" - "service2" - 305
2022-03-10 13:10:37,175 - WARNING - "POST /endpoint1 HTTP/1.1" - "sgp" - "user-interface" - 200
2022-03-10 13:10:39,888 - INFO - "GET /endpoint2 HTTP/1.1" - "beijing" - "application-backend" - 305
2022-03-10 13:10:46,634 - WARNING - "GET /endpoint1 HTTP/1.1" - "rio" - "user-interface" - 200
2022-03-10 13:10:48,737 - WARNING - "PUT /endpoint1 HTTP/1.1" - "bangalore" - "service2" - 200
2022-03-10 13:10:52,203 - INFO - "POST /endpoint1 HTTP/1.1" - "aus" - "application-backend" - 200
2022-03-10 13:10:59,560 - INFO - "PUT /endpoint1 HTTP/1.1" - "seoul" - "application-backend" - 200
2022-03-10 13:11:01,171 - INFO - "PUT /endpoint2 HTTP/1.1" - "qatar" - "service1" - 303
2022-03-10 13:11:11,064 - INFO - "GET /endpoint1 HTTP/1.1" - "london" - "user-interface" - 200
2022-03-10 13:11:17,646 - INFO - "POST /endpoint2 HTTP/1.1" - "london" - "user-interface" - 300
2022-03-10 13:11:22,723 - WARNING - "GET /endpoint2 HTTP/1.1" - "us-east2" - "user-interface" - 303
2022-03-10 13:11:28,487 - INFO - "POST /endpoint2 HTTP/1.1" - "bangalore" - "service1" - 303
2022-03-10 13:11:36,169 - INFO - "GET /endpoint1 HTTP/1.1" - "qatar" - "background-service" - 200
2022-03-10 13:11:38,169 - INFO - "GET /endpoint1 HTTP/1.1" - "can1" - "application-backend" - 200
2022-03-10 13:11:38,812 - INFO - "POST /endpoint2 HTTP/1.1" - "berlin" - "application-backend" - 306
2022-03-10 13:11:45,185 - INFO - "GET /endpoint1 HTTP/1.1" - "us-east" - "user-interface" - 200
2022-03-10 13:11:47,125 - INFO - "PUT /endpoint1 HTTP/1.1" - "us-east" - "application-backend" - 200
2022-03-10 13:11:53,730 - INFO - "PUT /endpoint1 HTTP/1.1" - "us-west" - "service1" - 200
2022-03-10 13:11:57,285 - INFO - "GET /endpoint2 HTTP/1.1" - "london" - "user-interface" - 306
2022-03-10 13:11:59,162 - INFO - "GET /endpoint1 HTTP/1.1" - "st-petersberg" - "service1" - 200
2022-03-10 13:12:04,861 - INFO - "PUT /endpoint2 HTTP/1.1" - "us-west2" - "user-interface" - 303
2022-03-10 13:12:13,946 - INFO - "PUT /endpoint1 HTTP/1.1" - "beijing" - "service2" - 200
2022-03-10 13:12:20,136 - WARNING - "GET /endpoint1 HTTP/1.1" - "berlin" - "user-interface" - 200
2022-03-10 13:12:26,451 - INFO - "PUT /endpoint2 HTTP/1.1" - "us-west2" - "service1" - 306
2022-03-10 13:12:30,836 - INFO - "PUT /endpoint1 HTTP/1.1" - "london" - "user-interface" - 200
2022-03-10 13:12:37,970 - WARNING - "GET /endpoint2 HTTP/1.1" - "can1" - "user-interface" - 302
2022-03-10 13:12:40,417 - INFO - "PUT /endpoint1 HTTP/1.1" - "us-west2" - "service2" - 200
2022-03-10 13:12:43,164 - INFO - "GET /endpoint1 HTTP/1.1" - "berlin" - "service1" - 200
2022-03-10 13:12:49,564 - WARNING - "GET /endpoint2 HTTP/1.1" - "berlin" - "application-backend" - 301
2022-03-10 13:12:51,667 - ERROR - "POST /endpoint2 HTTP/1.1" - "berlin" - "service1" - 300
2022-03-10 13:12:54,464 - ERROR - "PUT /endpoint2 HTTP/1.1" - "st-petersberg" - "service1" - 303
2022-03-10 13:12:58,066 - WARNING - "POST /endpoint2 HTTP/1.1" - "osaka" - "service2" - 301
2022-03-10 13:13:01,964 - INFO - "PUT /endpoint2 HTTP/1.1" - "mumbai" - "application-backend" - 305
2022-03-10 13:13:08,119 - INFO - "POST /endpoint1 HTTP/1.1" - "st-petersberg" - "service2" - 200
2022-03-10 13:13:12,157 - INFO - "POST /endpoint2 HTTP/1.1" - "berlin" - "background-service" - 304
2022-03-10 13:13:19,009 - INFO - "GET /endpoint2 HTTP/1.1" - "us-east" - "service2" - 300
2022-03-10 13:13:26,117 - INFO - "POST /endpoint1 HTTP/1.1" - "rio" - "application-backend" - 200
2022-03-10 13:13:29,816 - INFO - "GET /endpoint1 HTTP/1.1" - "beijing" - "background-service" - 200
2022-03-10 13:13:33,269 - INFO - "POST /endpoint2 HTTP/1.1" - "beijing" - "background-service" - 304
2022-03-10 13:13:41,769 - ERROR - "PUT /endpoint2 HTTP/1.1" - "rio" - "service1" - 304
2022-03-10 13:13:48,669 - WARNING - "PUT /endpoint2 HTTP/1.1" - "london" - "user-interface" - 306
2022-03-10 13:13:57,461 - INFO - "GET /endpoint1 HTTP/1.1" - "beijing" - "service2" - 200
2022-03-10 13:14:05,915 - ERROR - "GET /endpoint2 HTTP/1.1" - "beijing" - "background-service" - 301
2022-03-10 13:14:12,852 - INFO - "POST /endpoint1 HTTP/1.1" - "us-east2" - "background-service" - 200
2022-03-10 13:14:17,133 - INFO - "GET /endpoint1 HTTP/1.1" - "us-east" - "service2" - 200
2022-03-10 13:14:24,318 - INFO - "POST /endpoint2 HTTP/1.1" - "aus" - "service1" - 305
2022-03-10 13:14:30,252 - WARNING - "POST /endpoint1 HTTP/1.1" - "qatar" - "service2" - 200
2022-03-10 13:14:35,184 - INFO - "GET /endpoint1 HTTP/1.1" - "paris" - "user-interface" - 200
2022-03-10 13:14:44,490 - INFO - "GET /endpoint1 HTTP/1.1" - "us-west2" - "application-backend" - 200
2022-03-10 13:14:52,722 - WARNING - "POST /endpoint2 HTTP/1.1" - "mumbai" - "user-interface" - 300
2022-03-10 13:15:00,065 - WARNING - "PUT /endpoint1 HTTP/1.1" - "seoul" - "background-service" - 200
2022-03-10 13:15:03,109 - INFO - "POST /endpoint2 HTTP/1.1" - "us-west2" - "application-backend" - 302
2022-03-10 13:15:07,251 - WARNING - "GET /endpoint1 HTTP/1.1" - "us-west2" - "service1" - 200
2022-03-10 13:15:08,565 - INFO - "GET /endpoint1 HTTP/1.1" - "london" - "user-interface" - 200
2022-03-10 13:15:09,422 - INFO - "POST /endpoint2 HTTP/1.1" - "aus" - "user-interface" - 302
2022-03-10 13:15:13,482 - INFO - "GET /endpoint2 HTTP/1.1" - "mumbai" - "service1" - 300
2022-03-10 13:15:18,818 - INFO - "PUT /endpoint1 HTTP/1.1" - "qatar" - "service2" - 200
2022-03-10 13:15:21,814 - INFO - "PUT /endpoint1 HTTP/1.1" - "us-east2" - "background-service" - 200
2022-03-10 13:15:24,866 - INFO - "GET /endpoint1 HTTP/1.1" - "qatar" - "application-backend" - 200
2022-03-10 13:15:29,667 - WARNING - "POST /endpoint2 HTTP/1.1" - "us-west" - "user-interface" - 305
2022-03-10 13:15:30,287 - INFO - "POST /endpoint1 HTTP/1.1" - "us-west2" - "service2" - 200
2022-03-10 13:15:33,498 - INFO - "PUT /endpoint2 HTTP/1.1" - "rio" - "service1" - 303
2022-03-10 13:15:34,200 - INFO - "POST /endpoint2 HTTP/1.1" - "aus" - "user-interface" - 302
2022-03-10 13:15:37,615 - WARNING - "POST /endpoint2 HTTP/1.1" - "seoul" - "background-service" - 306
2022-03-10 13:15:43,283 - INFO - "POST /endpoint2 HTTP/1.1" - "aus" - "background-service" - 303
2022-03-10 13:15:51,138 - WARNING - "POST /endpoint1 HTTP/1.1" - "us-west2" - "user-interface" - 200
2022-03-10 13:15:55,841 - WARNING - "PUT /endpoint1 HTTP/1.1" - "us-east2" - "service1" - 200
2022-03-10 13:15:57,494 - INFO - "GET /endpoint1 HTTP/1.1" - "paris" - "application-backend" - 200
2022-03-10 13:15:58,222 - INFO - "POST /endpoint2 HTTP/1.1" - "can1" - "service1" - 300
2022-03-10 13:16:05,889 - INFO - "POST /endpoint2 HTTP/1.1" - "rio" - "background-service" - 306
2022-03-10 13:16:08,857 - INFO - "PUT /endpoint1 HTTP/1.1" - "st-petersberg" - "user-interface" - 200
2022-03-10 13:16:16,634 - INFO - "GET /endpoint2 HTTP/1.1" - "can1" - "application-backend" - 305
2022-03-10 13:16:18,054 - INFO - "POST /endpoint1 HTTP/1.1" - "qatar" - "application-backend" - 200
2022-03-10 13:16:26,000 - INFO - "PUT /endpoint2 HTTP/1.1" - "seoul" - "service2" - 305
2022-03-10 13:16:33,073 - WARNING - "POST /endpoint1 HTTP/1.1" - "london" - "service2" - 200
2022-03-10 13:16:42,819 - INFO - "PUT /endpoint2 HTTP/1.1" - "can1" - "user-interface" - 300
2022-03-10 13:16:45,646 - INFO - "POST /endpoint2 HTTP/1.1" - "osaka" - "user-interface" - 303
2022-03-10 13:16:48,462 - INFO - "PUT /endpoint1 HTTP/1.1" - "rio" - "user-interface" - 200
2022-03-10 13:16:54,640 - INFO - "POST /endpoint1 HTTP/1.1" - "seoul" - "application-backend" - 200
2022-03-10 13:17:03,223 - INFO - "GET /endpoint1 HTTP/1.1" - "berlin" - "application-backend" - 200
2022-03-10 13:17:10,259 - INFO - "GET /endpoint2 HTTP/1.1" - "us-west2" - "user-interface" - 303
2022-03-10 13:17:19,749 - INFO - "POST /endpoint1 HTTP/1.1" - "us-east2" - "service1" - 200
2022-03-10 13:17:25,744 - INFO - "GET /endpoint2 HTTP/1.1" - "bangalore" - "application-backend" - 306
2022-03-10 13:17:34,593 - WARNING - "POST /endpoint1 HTTP/1.1" - "us-west" - "user-interface" - 200
2022-03-10 13:17:41,314 - WARNING - "PUT /endpoint1 HTTP/1.1" - "sgp" - "service1" - 200
2022-03-10 13:17:42,723 - INFO - "GET /endpoint1 HTTP/1.1" - "mumbai" - "user-interface" - 200
2022-03-10 13:17:43,004 - INFO - "GET /endpoint2 HTTP/1.1" - "beijing" - "service2" - 306
2022-03-10 13:17:47,342 - INFO - "GET /endpoint1 HTTP/1.1" - "mumbai" - "service2" - 200
2022-03-10 13:17:55,541 - INFO - "GET /endpoint2 HTTP/1.1" - "sgp" - "background-service" - 304
2022-03-10 13:17:58,390 - INFO - "GET /endpoint1 HTTP/1.1" - "seoul" - "service1" - 200
2022-03-10 13:17:59,747 - INFO - "POST /endpoint1 HTTP/1.1" - "us-east2" - "user-interface" - 200
2022-03-10 13:18:07,531 - INFO - "PUT /endpoint1 HTTP/1.1" - "seoul" - "service1" - 200
2022-03-10 13:18:17,354 - WARNING - "PUT /endpoint1 HTTP/1.1" - "osaka" - "application-backend" - 200
2022-03-10 13:18:19,957 - INFO - "GET /endpoint1 HTTP/1.1" - "bangalore" - "user-interface" - 200
2022-03-10 13:18:26,264 - INFO - "GET /endpoint1 HTTP/1.1" - "rio" - "service1" - 200
2022-03-10 13:18:26,680 - INFO - "PUT /endpoint1 HTTP/1.1" - "us-west2" - "user-interface" - 200
2022-03-10 13:18:30,196 - INFO - "GET /endpoint1 HTTP/1.1" - "us-west2" - "service2" - 200
2022-03-10 13:18:38,146 - INFO - "GET /endpoint1 HTTP/1.1" - "can1" - "service1" - 200
2022-03-10 13:18:42,894 - INFO - "GET /endpoint1 HTTP/1.1" - "us-west" - "user-interface" - 200
2022-03-10 13:18:48,213 - INFO - "PUT /endpoint1 HTTP/1.1" - "mumbai" - "application-backend" - 200
2022-03-10 13:18:56,692 - INFO - "POST /endpoint1 HTTP/1.1" - "bangalore" - "service1" - 200
2022-03-10 13:19:05,478 - INFO - "GET /endpoint1 HTTP/1.1" - "paris" - "application-backend" - 200
2022-03-10 13:19:08,970 - INFO - "GET /endpoint1 HTTP/1.1" - "sgp" - "service2" - 200
2022-03-10 13:19:11,969 - INFO - "POST /endpoint2 HTTP/1.1" - "sgp" - "service2" - 304
2022-03-10 13:19:13,448 - WARNING - "GET /endpoint2 HTTP/1.1" - "mumbai" - "background-service" - 305
2022-03-10 13:19:14,029 - INFO - "PUT /endpoint1 HTTP/1.1" - "berlin" - "service1" - 200
2022-03-10 13:19:18,712 - WARNING - "POST /endpoint2 HTTP/1.1" - "bangalore" - "user-interface" - 300
2022-03-10 13:19:24,506 - INFO - "GET /endpoint2 HTTP/1.1" - "can1" - "service1" - 304
2022-03-10 13:19:34,387 - INFO - "POST /endpoint2 HTTP/1.1" - "sgp" - "application-backend" - 303
2022-03-10 13:19:38,455 - INFO - "POST /endpoint2 HTTP/1.1" - "sgp" - "application-backend" - 302
2022-03-10 13:19:47,477 - WARNING - "PUT /endpoint2 HTTP/1.1" - "aus" - "user-interface" - 305
2022-03-10 13:19:47,570 - ERROR - "PUT /endpoint2 HTTP/1.1" - "paris" - "service1" - 304
2022-03-10 13:19:49,677 - INFO - "GET /endpoint2 HTTP/1.1" - "aus" - "service1" - 301
2022-03-10 13:19:57,863 - INFO - "GET /endpoint1 HTTP/1.1" - "us-east2" - "service1" - 200
2022-03-10 13:20:03,089 - INFO - "PUT /endpoint1 HTTP/1.1" - "beijing" - "user-interface" - 200
2022-03-10 13:20:07,483 - WARNING - "GET /endpoint1 HTTP/1.1" - "aus" - "user-interface" - 200
2022-03-10 13:20:15,582 - INFO - "PUT /endpoint2 HTTP/1.1" - "london" - "user-interface" - 303
2022-03-10 13:20:16,128 - INFO - "POST /endpoint1 HTTP/1.1" - "aus" - "user-interface" - 200
2022-03-10 13:20:18,860 - INFO - "GET /endpoint1 HTTP/1.1" - "can1" - "service2" - 200
2022-03-10 13:20:21,095 - INFO - "PUT /endpoint2 HTTP/1.1" - "qatar" - "background-service" - 305
2022-03-10 13:20:21,836 - WARNING - "POST /endpoint1 HTTP/1.1" - "beijing" - "service1" - 200
2022-03-10 13:20:30,966 - INFO - "PUT /endpoint1 HTTP/1.1" - "mumbai" - "user-interface" - 200
2022-03-10 13:20:32,021 - INFO - "PUT /endpoint1 HTTP/1.1" - "qatar" - "user-interface" - 200
2022-03-10 13:20:34,408 - INFO - "POST /endpoint2 HTTP/1.1" - "us-west2" - "user-interface" - 305
2022-03-10 13:20:39,707 - WARNING - "GET /endpoint1 HTTP/1.1" - "osaka" - "service2" - 200
2022-03-10 13:20:48,840 - ERROR - "POST /endpoint2 HTTP/1.1" - "seoul" - "service1" - 300
2022-03-10 13:20:49,080 - WARNING - "GET /endpoint2 HTTP/1.1" - "us-west" - "service2" - 305
2022-03-10 13:20:55,514 - INFO - "PUT /endpoint2 HTTP/1.1" - "bangalore" - "background-service" - 301
2022-03-10 13:21:01,303 - ERROR - "GET /endpoint2 HTTP/1.1" - "qatar" - "service1" - 300
2022-03-10 13:21:07,556 - WARNING - "POST /endpoint1 HTTP/1.1" - "us-east" - "application-backend" - 200
2022-03-10 13:21:09,407 - INFO - "GET /endpoint2 HTTP/1.1" - "beijing" - "user-interface" - 300
2022-03-10 13:21:18,945 - INFO - "POST /endpoint2 HTTP/1.1" - "sgp" - "application-backend" - 302
2022-03-10 13:21:26,047 - INFO - "GET /endpoint1 HTTP/1.1" - "bangalore" - "application-backend" - 200
2022-03-10 13:21:27,121 - INFO - "PUT /endpoint1 HTTP/1.1" - "st-petersberg" - "service1" - 200
2022-03-10 13:21:35,682 - INFO - "POST /endpoint2 HTTP/1.1" - "us-east" - "user-interface" - 301
2022-03-10 13:21:41,805 - WARNING - "GET /endpoint1 HTTP/1.1" - "beijing" - "user-interface" - 200
2022-03-10 13:21:48,698 - INFO - "POST /endpoint2 HTTP/1.1" - "paris" - "user-interface" - 302
2022-03-10 13:21:53,509 - WARNING - "POST /endpoint2 HTTP/1.1" - "us-west" - "background-service" - 301
2022-03-10 13:21:53,731 - INFO - "PUT /endpoint1 HTTP/1.1" - "us-west2" - "user-interface" - 200
2022-03-10 13:21:58,878 - INFO - "POST /endpoint2 HTTP/1.1" - "us-west" - "background-service" - 303
2022-03-10 13:21:59,201 - INFO - "POST /endpoint1 HTTP/1.1" - "sgp" - "service2" - 200
2022-03-10 13:21:59,532 - ERROR - "PUT /endpoint2 HTTP/1.1" - "bangalore" - "background-service" - 303
2022-03-10 13:22:03,216 - WARNING - "POST /endpoint2 HTTP/1.1" - "aus" - "service2" - 306
2022-03-10 13:22:06,812 - INFO - "PUT /endpoint2 HTTP/1.1" - "bangalore" - "service1" - 302
2022-03-10 13:22:13,973 - INFO - "GET /endpoint1 HTTP/1.1" - "seoul" - "user-interface" - 200
2022-03-10 13:22:19,865 - WARNING - "POST /endpoint1 HTTP/1.1" - "can1" - "user-interface" - 200
2022-03-10 13:22:24,353 - WARNING - "GET /endpoint2 HTTP/1.1" - "qatar" - "service1" - 301
2022-03-10 13:22:26,779 - WARNING - "GET /endpoint1 HTTP/1.1" - "sgp" - "service1" - 200
2022-03-10 13:22:35,525 - INFO - "PUT /endpoint1 HTTP/1.1" - "qatar" - "service1" - 200
2022-03-10 13:22:42,181 - INFO - "POST /endpoint1 HTTP/1.1" - "st-petersberg" - "application-backend" - 200
2022-03-10 13:22:43,929 - INFO - "POST /endpoint2 HTTP/1.1" - "sgp" - "user-interface" - 305
2022-03-10 13:22:47,877 - INFO - "PUT /endpoint1 HTTP/1.1" - "us-west" - "user-interface" - 200
2022-03-10 13:22:55,103 - WARNING - "POST /endpoint1 HTTP/1.1" - "us-west2" - "service1" - 200
2022-03-10 13:23:01,312 - ERROR - "POST /endpoint2 HTTP/1.1" - "berlin" - "user-interface" - 303
2022-03-10 13:23:01,812 - WARNING - "GET /endpoint1 HTTP/1.1" - "berlin" - "background-service" - 200
2022-03-10 13:23:09,800 - WARNING - "PUT /endpoint1 HTTP/1.1" - "rio" - "application-backend" - 200
2022-03-10 13:23:10,449 - INFO - "POST /endpoint1 HTTP/1.1" - "us-west2" - "background-service" - 200
2022-03-10 13:23:16,555 - INFO - "GET /endpoint2 HTTP/1.1" - "mumbai" - "application-backend" - 302
2022-03-10 13:23:24,793 - INFO - "POST /endpoint2 HTTP/1.1" - "us-east2" - "application-backend" - 301
2022-03-10 13:23:26,348 - INFO - "POST /endpoint2 HTTP/1.1" - "sgp" - "service1" - 301
2022-03-10 13:23:30,827 - INFO - "GET /endpoint1 HTTP/1.1" - "bangalore" - "background-service" - 200
2022-03-10 13:23:36,870 - INFO - "PUT /endpoint1 HTTP/1.1" - "us-west2" - "background-service" - 200
2022-03-10 13:23:40,706 - INFO - "PUT /endpoint1 HTTP/1.1" - "us-east2" - "user-interface" - 200
2022-03-10 13:23:43,565 - INFO - "GET /endpoint1 HTTP/1.1" - "osaka" - "application-backend" - 200
2022-03-10 13:23:51,820 - INFO - "POST /endpoint2 HTTP/1.1" - "us-east" - "user-interface" - 303
2022-03-10 13:23:55,232 - INFO - "GET /endpoint2 HTTP/1.1" - "osaka" - "service1" - 305
2022-03-10 13:24:02,433 - WARNING - "POST /endpoint2 HTTP/1.1" - "st-petersberg" - "application-backend" - 301
2022-03-10 13:24:11,141 - INFO - "GET /endpoint2 HTTP/1.1" - "us-east" - "background-service" - 300
2022-03-10 13:24:16,232 - WARNING - "PUT /endpoint2 HTTP/1.1" - "us-west" - "service1" - 304
2022-03-10 13:24:22,230 - INFO - "POST /endpoint1 HTTP/1.1" - "rio" - "service1" - 200
2022-03-10 13:24:22,701 - WARNING - "PUT /endpoint1 HTTP/1.1" - "aus" - "user-interface" - 200
2022-03-10 13:24:25,744 - INFO - "PUT /endpoint2 HTTP/1.1" - "rio" - "service2" - 303
2022-03-10 13:24:30,343 - WARNING - "GET /endpoint2 HTTP/1.1" - "osaka" - "service1" - 305
2022-03-10 13:24:35,570 - INFO - "GET /endpoint2 HTTP/1.1" - "mumbai" - "service2" - 300
2022-03-10 13:24:44,870 - WARNING - "GET /endpoint2 HTTP/1.1" - "london" - "user-interface" - 302
2022-03-10 13:24:50,447 - INFO - "PUT /endpoint1 HTTP/1.1" - "st-petersberg" - "background-service" - 200
2022-03-10 13:24:55,822 - INFO - "GET /endpoint2 HTTP/1.1" - "rio" - "user-interface" - 301
2022-03-10 13:24:56,178 - INFO - "GET /endpoint1 HTTP/1.1" - "sgp" - "service1" - 200
2022-03-10 13:25:03,551 - INFO - "PUT /endpoint2 HTTP/1.1" - "seoul" - "service1" - 304
2022-03-10 13:25:07,544 - INFO - "PUT /endpoint1 HTTP/1.1" - "us-west" - "service1" - 200
2022-03-10 13:25:11,536 - INFO - "GET /endpoint1 HTTP/1.1" - "beijing" - "application-backend" - 200
2022-03-10 13:25:16,536 - INFO - "PUT /endpoint1 HTTP/1.1" - "can1" - "service1" - 200
2022-03-10 13:25:25,490 - WARNING - "POST /endpoint1 HTTP/1.1" - "rio" - "service1" - 200
2022-03-10 13:25:28,118 - INFO - "PUT /endpoint2 HTTP/1.1" - "berlin" - "application-backend" - 304
2022-03-10 13:25:31,986 - WARNING - "GET /endpoint2 HTTP/1.1" - "beijing" - "background-service" - 306
2022-03-10 13:25:35,832 - WARNING - "PUT /endpoint1 HTTP/1.1" - "aus" - "user-interface" - 200
2022-03-10 13:25:45,270 - WARNING - "POST /endpoint2 HTTP/1.1" - "osaka" - "background-service" - 300
2022-03-10 13:25:52,679 - INFO - "PUT /endpoint2 HTTP/1.1" - "paris" - "service1" - 305
2022-03-10 13:25:56,293 - INFO - "PUT /endpoint2 HTTP/1.1" - "mumbai" - "service2" - 306
2022-03-10 13:26:03,478 - INFO - "PUT /endpoint2 HTTP/1.1" - "paris" - "application-backend" - 305
2022-03-10 13:26:10,780 - INFO - "GET /endpoint2 HTTP/1.1" - "rio" - "service1" - 302
2022-03-10 13:26:14,383 - WARNING - "GET /endpoint1 HTTP/1.1" - "mumbai" - "background-service" - 200
2022-03-10 13:26:17,804 - INFO - "POST /endpoint1 HTTP/1.1" - "us-east" - "service2" - 200
2022-03-10 13:26:24,025 - INFO - "GET /endpoint1 HTTP/1.1" - "rio" - "application-backend" - 200
2022-03-10 13:26:30,308 - INFO - "GET /endpoint2 HTTP/1.1" - "st-petersberg" - "application-backend" - 300
2022-03-10 13:26:32,168 - INFO - "GET /endpoint2 HTTP/1.1" - "paris" - "service1" - 302
2022-03-10 13:26:38,444 - INFO - "PUT /endpoint2 HTTP/1.1" - "aus" - "user-interface" - 303
2022-03-10 13:26:47,652 - INFO - "POST /endpoint2 HTTP/1.1" - "qatar" - "application-backend" - 301
2022-03-10 13:26:56,779 - INFO - "GET /endpoint1 HTTP/1.1" - "can1" - "service2" - 200
2022-03-10 13:27:05,144 - INFO - "GET /endpoint1 HTTP/1.1" - "seoul" - "service2" - 200
2022-03-10 13:27:07,843 - WARNING - "GET /endpoint1 HTTP/1.1" - "mumbai" - "user-interface" - 200
2022-03-10 13:27:10,840 - INFO - "PUT /endpoint1 HTTP/1.1" - "mumbai" - "service2" - 200
2022-03-10 13:27:18,236 - WARNING - "POST /endpoint2 HTTP/1.1" - "sgp" - "service2" - 305
2022-03-10 13:27:23,517 - ERROR - "PUT /endpoint2 HTTP/1.1" - "bangalore" - "background-service" - 306
2022-03-10 13:27:23,812 - WARNING - "POST /endpoint2 HTTP/1.1" - "st-petersberg" - "service1" - 306
2022-03-10 13:27:27,496 - INFO - "POST /endpoint2 HTTP/1.1" - "mumbai" - "application-backend" - 302
2022-03-10 13:27:30,284 - WARNING - "GET /endpoint2 HTTP/1.1" - "qatar" - "background-service" - 304
2022-03-10 13:27:31,521 - WARNING - "POST /endpoint1 HTTP/1.1" - "osaka" - "service1" - 200
2022-03-10 13:27:40,449 - INFO - "GET /endpoint2 HTTP/1.1" - "beijing" - "background-service" - 303
2022-03-10 13:27:42,021 - WARNING - "GET /endpoint2 HTTP/1.1" - "mumbai" - "service1" - 305
2022-03-10 13:27:51,407 - INFO - "PUT /endpoint2 HTTP/1.1" - "seoul" - "application-backend" - 306
2022-03-10 13:27:55,440 - INFO - "POST /endpoint2 HTTP/1.1" - "bangalore" - "service1" - 305
2022-03-10 13:27:58,910 - WARNING - "GET /endpoint1 HTTP/1.1" - "can1" - "service2" - 200
2022-03-10 13:28:05,658 - INFO - "POST /endpoint2 HTTP/1.1" - "aus" - "service2" - 305
2022-03-10 13:28:07,575 - WARNING - "POST /endpoint1 HTTP/1.1" - "osaka" - "service2" - 200
2022-03-10 13:28:15,149 - INFO - "POST /endpoint1 HTTP/1.1" - "can1" - "background-service" - 200
2022-03-10 13:28:20,451 - WARNING - "PUT /endpoint2 HTTP/1.1" - "osaka" - "background-service" - 306
2022-03-10 13:28:24,504 - WARNING - "POST /endpoint2 HTTP/1.1" - "us-east2" - "user-interface" - 306
2022-03-10 13:28:30,058 - INFO - "GET /endpoint1 HTTP/1.1" - "qatar" - "service2" - 200
2022-03-10 13:28:31,985 - INFO - "GET /endpoint2 HTTP/1.1" - "st-petersberg" - "service2" - 305
2022-03-10 13:28:35,567 - INFO - "POST /endpoint1 HTTP/1.1" - "us-east" - "background-service" - 200
2022-03-10 13:28:40,017 - INFO - "GET /endpoint1 HTTP/1.1" - "seoul" - "background-service" - 200
2022-03-10 13:28:45,094 - INFO - "POST /endpoint2 HTTP/1.1" - "osaka" - "background-service" - 302
2022-03-10 13:28:48,459 - WARNING - "POST /endpoint2 HTTP/1.1" - "beijing" - "service2" - 302
2022-03-10 13:28:56,716 - INFO - "POST /endpoint1 HTTP/1.1" - "seoul" - "background-service" - 200
